0 info it worked if it ends with ok
1 verbose cli [ '/usr/local/bin/node',
1 verbose cli   '/usr/local/bin/npm',
1 verbose cli   'install',
1 verbose cli   '-g',
1 verbose cli   'eslint' ]
2 info using npm@2.15.1
3 info using node@v4.4.4
4 verbose install initial load of /usr/local/lib/package.json
5 verbose readDependencies loading dependencies from /usr/local/lib/package.json
6 silly cache add args [ 'eslint', null ]
7 verbose cache add spec eslint
8 silly cache add parsed spec Result {
8 silly cache add   raw: 'eslint',
8 silly cache add   scope: null,
8 silly cache add   name: 'eslint',
8 silly cache add   rawSpec: '',
8 silly cache add   spec: 'latest',
8 silly cache add   type: 'tag' }
9 silly addNamed eslint@latest
10 verbose addNamed "latest" is being treated as a dist-tag for eslint
11 info addNameTag [ 'eslint', 'latest' ]
12 silly mapToRegistry name eslint
13 silly mapToRegistry using default registry
14 silly mapToRegistry registry https://registry.npmjs.org/
15 silly mapToRegistry data Result {
15 silly mapToRegistry   raw: 'eslint',
15 silly mapToRegistry   scope: null,
15 silly mapToRegistry   name: 'eslint',
15 silly mapToRegistry   rawSpec: '',
15 silly mapToRegistry   spec: 'latest',
15 silly mapToRegistry   type: 'tag' }
16 silly mapToRegistry uri https://registry.npmjs.org/eslint
17 verbose addNameTag registry:https://registry.npmjs.org/eslint not in flight; fetching
18 verbose request uri https://registry.npmjs.org/eslint
19 verbose request no auth needed
20 info attempt registry request try #1 at 7:28:38 PM
21 verbose request id cbb9d9bd7efa2b0b
22 verbose etag "AV3A1NY2EOXVJ35O36N862KYY"
23 http request GET https://registry.npmjs.org/eslint
24 http 200 https://registry.npmjs.org/eslint
25 verbose headers { server: 'nginx/1.10.1',
25 verbose headers   'content-type': 'application/json',
25 verbose headers   'last-modified': 'Sun, 15 Jan 2017 11:15:12 GMT',
25 verbose headers   etag: 'W/"587b59c0-6486c"',
25 verbose headers   'content-encoding': 'gzip',
25 verbose headers   'cache-control': 'max-age=300',
25 verbose headers   'content-length': '25191',
25 verbose headers   'accept-ranges': 'bytes',
25 verbose headers   date: 'Tue, 17 Jan 2017 00:28:38 GMT',
25 verbose headers   via: '1.1 varnish',
25 verbose headers   age: '19',
25 verbose headers   connection: 'keep-alive',
25 verbose headers   'x-served-by': 'cache-jfk8148-JFK',
25 verbose headers   'x-cache': 'HIT',
25 verbose headers   'x-cache-hits': '1',
25 verbose headers   'x-timer': 'S1484612918.094645,VS0,VE0',
25 verbose headers   vary: 'Accept-Encoding' }
26 silly get cb [ 200,
26 silly get   { server: 'nginx/1.10.1',
26 silly get     'content-type': 'application/json',
26 silly get     'last-modified': 'Sun, 15 Jan 2017 11:15:12 GMT',
26 silly get     etag: 'W/"587b59c0-6486c"',
26 silly get     'content-encoding': 'gzip',
26 silly get     'cache-control': 'max-age=300',
26 silly get     'content-length': '25191',
26 silly get     'accept-ranges': 'bytes',
26 silly get     date: 'Tue, 17 Jan 2017 00:28:38 GMT',
26 silly get     via: '1.1 varnish',
26 silly get     age: '19',
26 silly get     connection: 'keep-alive',
26 silly get     'x-served-by': 'cache-jfk8148-JFK',
26 silly get     'x-cache': 'HIT',
26 silly get     'x-cache-hits': '1',
26 silly get     'x-timer': 'S1484612918.094645,VS0,VE0',
26 silly get     vary: 'Accept-Encoding' } ]
27 verbose get saving eslint to /Users/qisong/.npm/registry.npmjs.org/eslint/.cache.json
28 verbose correctMkdir /Users/qisong/.npm correctMkdir not in flight; initializing
29 silly addNameTag next cb for eslint with tag latest
30 silly addNamed eslint@3.13.1
31 verbose addNamed "3.13.1" is a plain semver version for eslint
32 silly mapToRegistry name eslint
33 silly mapToRegistry using default registry
34 silly mapToRegistry registry https://registry.npmjs.org/
35 silly mapToRegistry data Result {
35 silly mapToRegistry   raw: 'eslint',
35 silly mapToRegistry   scope: null,
35 silly mapToRegistry   name: 'eslint',
35 silly mapToRegistry   rawSpec: '',
35 silly mapToRegistry   spec: 'latest',
35 silly mapToRegistry   type: 'tag' }
36 silly mapToRegistry uri https://registry.npmjs.org/eslint
37 verbose addRemoteTarball https://registry.npmjs.org/eslint/-/eslint-3.13.1.tgz not in flight; adding
38 verbose addRemoteTarball [ 'https://registry.npmjs.org/eslint/-/eslint-3.13.1.tgz',
38 verbose addRemoteTarball   '564d2646b5efded85df96985332edd91a23bff25' ]
39 info retry fetch attempt 1 at 7:28:38 PM
40 info attempt registry request try #1 at 7:28:38 PM
41 http fetch GET https://registry.npmjs.org/eslint/-/eslint-3.13.1.tgz
42 http fetch 200 https://registry.npmjs.org/eslint/-/eslint-3.13.1.tgz
43 silly fetchAndShaCheck shasum 564d2646b5efded85df96985332edd91a23bff25
44 verbose addTmpTarball /var/folders/0c/t4j0t_dn407b9fgyllqxq1m80000gn/T/npm-999-a5a46b92/registry.npmjs.org/eslint/-/eslint-3.13.1.tgz not in flight; adding
45 verbose addTmpTarball already have metadata; skipping unpack for eslint@3.13.1
46 verbose correctMkdir /Users/qisong/.npm correctMkdir not in flight; initializing
47 silly cache afterAdd eslint@3.13.1
48 verbose afterAdd /Users/qisong/.npm/eslint/3.13.1/package/package.json not in flight; writing
49 verbose correctMkdir /Users/qisong/.npm correctMkdir not in flight; initializing
50 verbose afterAdd /Users/qisong/.npm/eslint/3.13.1/package/package.json written
51 silly install resolved [ { name: 'eslint',
51 silly install resolved     version: '3.13.1',
51 silly install resolved     author:
51 silly install resolved      { name: 'Nicholas C. Zakas',
51 silly install resolved        email: 'nicholas+npm@nczconsulting.com' },
51 silly install resolved     description: 'An AST-based pattern checker for JavaScript.',
51 silly install resolved     bin: { eslint: './bin/eslint.js' },
51 silly install resolved     main: './lib/api.js',
51 silly install resolved     scripts:
51 silly install resolved      { test: 'node Makefile.js test',
51 silly install resolved        lint: 'node Makefile.js lint',
51 silly install resolved        release: 'node Makefile.js release',
51 silly install resolved        'ci-release': 'node Makefile.js ciRelease',
51 silly install resolved        alpharelease: 'node Makefile.js prerelease -- alpha',
51 silly install resolved        betarelease: 'node Makefile.js prerelease -- beta',
51 silly install resolved        docs: 'node Makefile.js docs',
51 silly install resolved        gensite: 'node Makefile.js gensite',
51 silly install resolved        browserify: 'node Makefile.js browserify',
51 silly install resolved        perf: 'node Makefile.js perf',
51 silly install resolved        profile: 'beefy tests/bench/bench.js --open -- -t brfs -t ./tests/bench/xform-rules.js -r espree',
51 silly install resolved        coveralls: 'cat ./coverage/lcov.info | coveralls',
51 silly install resolved        'check-commit': 'node Makefile.js checkGitCommit' },
51 silly install resolved     files: [ 'LICENSE', 'README.md', 'bin', 'conf', 'lib', 'messages' ],
51 silly install resolved     repository: { type: 'git', url: 'git+https://github.com/eslint/eslint.git' },
51 silly install resolved     homepage: 'http://eslint.org',
51 silly install resolved     bugs: { url: 'https://github.com/eslint/eslint/issues/' },
51 silly install resolved     dependencies:
51 silly install resolved      { 'babel-code-frame': '^6.16.0',
51 silly install resolved        chalk: '^1.1.3',
51 silly install resolved        'concat-stream': '^1.4.6',
51 silly install resolved        debug: '^2.1.1',
51 silly install resolved        doctrine: '^1.2.2',
51 silly install resolved        escope: '^3.6.0',
51 silly install resolved        espree: '^3.3.1',
51 silly install resolved        estraverse: '^4.2.0',
51 silly install resolved        esutils: '^2.0.2',
51 silly install resolved        'file-entry-cache': '^2.0.0',
51 silly install resolved        glob: '^7.0.3',
51 silly install resolved        globals: '^9.14.0',
51 silly install resolved        ignore: '^3.2.0',
51 silly install resolved        imurmurhash: '^0.1.4',
51 silly install resolved        inquirer: '^0.12.0',
51 silly install resolved        'is-my-json-valid': '^2.10.0',
51 silly install resolved        'is-resolvable': '^1.0.0',
51 silly install resolved        'js-yaml': '^3.5.1',
51 silly install resolved        'json-stable-stringify': '^1.0.0',
51 silly install resolved        levn: '^0.3.0',
51 silly install resolved        lodash: '^4.0.0',
51 silly install resolved        mkdirp: '^0.5.0',
51 silly install resolved        'natural-compare': '^1.4.0',
51 silly install resolved        optionator: '^0.8.2',
51 silly install resolved        'path-is-inside': '^1.0.1',
51 silly install resolved        pluralize: '^1.2.1',
51 silly install resolved        progress: '^1.1.8',
51 silly install resolved        'require-uncached': '^1.0.2',
51 silly install resolved        shelljs: '^0.7.5',
51 silly install resolved        'strip-bom': '^3.0.0',
51 silly install resolved        'strip-json-comments': '~2.0.1',
51 silly install resolved        table: '^3.7.8',
51 silly install resolved        'text-table': '~0.2.0',
51 silly install resolved        'user-home': '^2.0.0' },
51 silly install resolved     devDependencies:
51 silly install resolved      { 'babel-polyfill': '^6.9.1',
51 silly install resolved        'babel-preset-es2015': '^6.9.0',
51 silly install resolved        babelify: '^7.3.0',
51 silly install resolved        beefy: '^2.0.0',
51 silly install resolved        brfs: '0.0.9',
51 silly install resolved        browserify: '^12.0.1',
51 silly install resolved        chai: '^3.5.0',
51 silly install resolved        cheerio: '^0.19.0',
51 silly install resolved        coveralls: '2.11.4',
51 silly install resolved        dateformat: '^1.0.8',
51 silly install resolved        ejs: '^2.3.3',
51 silly install resolved        'eslint-plugin-node': '^2.0.0',
51 silly install resolved        'eslint-release': '^0.10.0',
51 silly install resolved        esprima: '^2.4.1',
51 silly install resolved        'esprima-fb': '^15001.1001.0-dev-harmony-fb',
51 silly install resolved        'gh-got': '^2.2.0',
51 silly install resolved        istanbul: '^0.4.0',
51 silly install resolved        jsdoc: '^3.3.0-beta1',
51 silly install resolved        karma: '^0.13.22',
51 silly install resolved        'karma-babel-preprocessor': '^6.0.1',
51 silly install resolved        'karma-mocha': '^1.0.1',
51 silly install resolved        'karma-mocha-reporter': '^2.0.3',
51 silly install resolved        'karma-phantomjs-launcher': '^1.0.0',
51 silly install resolved        leche: '^2.1.1',
51 silly install resolved        linefix: '^0.1.1',
51 silly install resolved        'load-perf': '^0.2.0',
51 silly install resolved        markdownlint: '^0.3.1',
51 silly install resolved        mocha: '^2.4.5',
51 silly install resolved        'mock-fs': '^3.12.1',
51 silly install resolved        'npm-license': '^0.3.2',
51 silly install resolved        'phantomjs-prebuilt': '^2.1.7',
51 silly install resolved        proxyquire: '^1.7.10',
51 silly install resolved        semver: '^5.0.3',
51 silly install resolved        'shelljs-nodecli': '~0.1.0',
51 silly install resolved        sinon: '^1.17.2',
51 silly install resolved        temp: '^0.8.3',
51 silly install resolved        through: '^2.3.6' },
51 silly install resolved     keywords: [ 'ast', 'lint', 'javascript', 'ecmascript', 'espree' ],
51 silly install resolved     license: 'MIT',
51 silly install resolved     engines: { node: '>=4' },
51 silly install resolved     gitHead: '7f8393c95e6672bc7792cc77e989d36db9a972dc',
51 silly install resolved     _id: 'eslint@3.13.1',
51 silly install resolved     _shasum: '564d2646b5efded85df96985332edd91a23bff25',
51 silly install resolved     _from: 'eslint@latest',
51 silly install resolved     _npmVersion: '2.15.8',
51 silly install resolved     _nodeVersion: '4.4.7',
51 silly install resolved     _npmUser: { name: 'eslint', email: 'nicholas+eslint@nczconsulting.com' },
51 silly install resolved     dist:
51 silly install resolved      { shasum: '564d2646b5efded85df96985332edd91a23bff25',
51 silly install resolved        tarball: 'https://registry.npmjs.org/eslint/-/eslint-3.13.1.tgz' },
51 silly install resolved     maintainers: [ [Object], [Object], [Object] ],
51 silly install resolved     _npmOperationalInternal:
51 silly install resolved      { host: 'packages-12-west.internal.npmjs.com',
51 silly install resolved        tmp: 'tmp/eslint-3.13.1.tgz_1484000349254_0.6594490415882319' },
51 silly install resolved     directories: {},
51 silly install resolved     _resolved: 'https://registry.npmjs.org/eslint/-/eslint-3.13.1.tgz' } ]
52 info install eslint@3.13.1 into /usr/local/lib
53 info installOne eslint@3.13.1
54 verbose installOne of eslint to /usr/local/lib not in flight; installing
55 verbose correctMkdir /Users/qisong/.npm/_locks correctMkdir not in flight; initializing
56 verbose lock using /Users/qisong/.npm/_locks/eslint-73063478b74e4f91.lock for /usr/local/lib/node_modules/eslint
57 silly install write writing eslint 3.13.1 to /usr/local/lib/node_modules/eslint
58 verbose unbuild lib/node_modules/eslint
59 silly gentlyRm /usr/local/lib/node_modules/eslint is being purged from base /usr/local
60 verbose gentlyRm don't care about contents; nuking /usr/local/lib/node_modules/eslint
61 verbose tar unpack /Users/qisong/.npm/eslint/3.13.1/package.tgz
62 verbose tar unpacking to /usr/local/lib/node_modules/eslint
63 silly gentlyRm /usr/local/lib/node_modules/eslint is being purged
64 verbose gentlyRm don't care about contents; nuking /usr/local/lib/node_modules/eslint
65 silly gunzTarPerm modes [ '755', '644' ]
66 error tar.unpack untar error /Users/qisong/.npm/eslint/3.13.1/package.tgz
67 verbose unlock done using /Users/qisong/.npm/_locks/eslint-73063478b74e4f91.lock for /usr/local/lib/node_modules/eslint
68 verbose fstream_path /usr/local/lib/node_modules/eslint
69 verbose fstream_type Directory
70 verbose fstream_class DirWriter
71 verbose stack Error: EACCES: permission denied, mkdir '/usr/local/lib/node_modules/eslint'
71 verbose stack     at Error (native)
72 verbose fstream_stack /usr/local/lib/node_modules/npm/node_modules/fstream/lib/dir-writer.js:35:25
72 verbose fstream_stack /usr/local/lib/node_modules/npm/node_modules/mkdirp/index.js:47:53
72 verbose fstream_stack FSReqWrap.oncomplete (fs.js:82:15)
73 verbose cwd /Users/qisong/freelancer/iTunesSearchApp/iTunes_API
74 error Darwin 15.6.0
75 error argv "/usr/local/bin/node" "/usr/local/bin/npm" "install" "-g" "eslint"
76 error node v4.4.4
77 error npm  v2.15.1
78 error path /usr/local/lib/node_modules/eslint
79 error code EACCES
80 error errno -13
81 error syscall mkdir
82 error Error: EACCES: permission denied, mkdir '/usr/local/lib/node_modules/eslint'
82 error     at Error (native)
82 error  { [Error: EACCES: permission denied, mkdir '/usr/local/lib/node_modules/eslint']
82 error   errno: -13,
82 error   code: 'EACCES',
82 error   syscall: 'mkdir',
82 error   path: '/usr/local/lib/node_modules/eslint',
82 error   fstream_type: 'Directory',
82 error   fstream_path: '/usr/local/lib/node_modules/eslint',
82 error   fstream_class: 'DirWriter',
82 error   fstream_stack:
82 error    [ '/usr/local/lib/node_modules/npm/node_modules/fstream/lib/dir-writer.js:35:25',
82 error      '/usr/local/lib/node_modules/npm/node_modules/mkdirp/index.js:47:53',
82 error      'FSReqWrap.oncomplete (fs.js:82:15)' ] }
83 error Please try running this command again as root/Administrator.
84 verbose exit [ -13, true ]
85 verbose unbuild lib/node_modules/eslint
86 silly gentlyRm /usr/local/lib/node_modules/eslint is being purged from base /usr/local
87 verbose gentlyRm don't care about contents; nuking /usr/local/lib/node_modules/eslint
